<?xml version="1.0" encoding="UTF-8"?>
<!-- Generated by org.testng.reporters.JUnitReportReporter -->
<testsuite hostname="EPUAKYIW2749" name="talab.TestBasicOperations" tests="49" failures="0" timestamp="1 Nov 2016 15:27:19 GMT" time="0.046" errors="1">
  <testcase name="testMultDouble" time="0.000" classname="talab.TestBasicOperations"/>
  <testcase name="testDivLong" time="0.000" classname="talab.TestBasicOperations"/>
  <testcase name="testMultLong" time="0.000" classname="talab.TestBasicOperations"/>
  <testcase name="testMultDouble" time="0.000" classname="talab.TestBasicOperations"/>
  <testcase name="testSubDouble" time="0.000" classname="talab.TestBasicOperations"/>
  <testcase name="testDivDouble" time="0.000" classname="talab.TestBasicOperations"/>
  <testcase name="testMultLong" time="0.000" classname="talab.TestBasicOperations"/>
  <testcase name="testSubLong" time="0.000" classname="talab.TestBasicOperations"/>
  <testcase name="testAddLong" time="0.000" classname="talab.TestBasicOperations"/>
  <testcase name="testSubLong" time="0.000" classname="talab.TestBasicOperations"/>
  <testcase name="testDivLong" time="0.000" classname="talab.TestBasicOperations"/>
  <testcase name="testSubDouble" time="0.000" classname="talab.TestBasicOperations"/>
  <testcase name="testAddDouble" time="0.000" classname="talab.TestBasicOperations"/>
  <testcase name="testAddDouble" time="0.015" classname="talab.TestBasicOperations"/>
  <testcase name="testSubDouble" time="0.000" classname="talab.TestBasicOperations"/>
  <testcase name="testSubLong" time="0.000" classname="talab.TestBasicOperations"/>
  <testcase name="testDivLong" time="0.000" classname="talab.TestBasicOperations"/>
  <testcase name="testDivDoubleOverflow" time="0.000" classname="talab.TestBasicOperations"/>
  <testcase name="testDivDouble" time="0.000" classname="talab.TestBasicOperations"/>
  <testcase name="testAddLong" time="0.000" classname="talab.TestBasicOperations"/>
  <testcase name="testSubLong" time="0.000" classname="talab.TestBasicOperations"/>
  <testcase name="testDivDouble" time="0.000" classname="talab.TestBasicOperations"/>
  <testcase name="testAddDouble" time="0.000" classname="talab.TestBasicOperations"/>
  <testcase name="testSubDouble" time="0.000" classname="talab.TestBasicOperations"/>
  <testcase name="testMultDouble" time="0.000" classname="talab.TestBasicOperations"/>
  <testcase name="testSubDouble" time="0.000" classname="talab.TestBasicOperations"/>
  <testcase name="testAddDouble" time="0.000" classname="talab.TestBasicOperations"/>
  <testcase name="testMultDouble" time="0.000" classname="talab.TestBasicOperations">
    <error type="java.lang.AssertionError" message="expected [0.0] but found [-0.0]">
      <![CDATA[java.lang.AssertionError: expected [0.0] but found [-0.0]
	at org.testng.Assert.fail(Assert.java:94)
	at org.testng.Assert.failNotEquals(Assert.java:494)
	at org.testng.Assert.assertEquals(Assert.java:123)
	at org.testng.Assert.assertEquals(Assert.java:165)
	at talab.TestBasicOperations.testMultDouble(TestBasicOperations.java:73)
	at sun.reflect.NativeMethodAccessorImpl.invoke0(Native Method)
	at sun.reflect.NativeMethodAccessorImpl.invoke(NativeMethodAccessorImpl.java:62)
	at sun.reflect.DelegatingMethodAccessorImpl.invoke(DelegatingMethodAccessorImpl.java:43)
	at java.lang.reflect.Method.invoke(Method.java:498)
	at org.testng.internal.MethodInvocationHelper.invokeMethod(MethodInvocationHelper.java:80)
	at org.testng.internal.Invoker.invokeMethod(Invoker.java:714)
	at org.testng.internal.Invoker.invokeTestMethod(Invoker.java:901)
	at org.testng.internal.Invoker.invokeTestMethods(Invoker.java:1231)
	at org.testng.internal.TestMethodWorker.invokeTestMethods(TestMethodWorker.java:127)
	at org.testng.internal.TestMethodWorker.run(TestMethodWorker.java:111)
	at java.util.concurrent.ThreadPoolExecutor.runWorker(ThreadPoolExecutor.java:1142)
	at java.util.concurrent.ThreadPoolExecutor$Worker.run(ThreadPoolExecutor.java:617)
	at java.lang.Thread.run(Thread.java:745)
]]>
    </error>
  </testcase> <!-- testMultDouble -->
  <testcase name="testAddLong" time="0.015" classname="talab.TestBasicOperations"/>
  <testcase name="testAddLong" time="0.000" classname="talab.TestBasicOperations"/>
  <testcase name="testMultLong" time="0.000" classname="talab.TestBasicOperations"/>
  <testcase name="testSubDouble" time="0.000" classname="talab.TestBasicOperations"/>
  <testcase name="testSubLong" time="0.000" classname="talab.TestBasicOperations"/>
  <testcase name="testDivLong" time="0.000" classname="talab.TestBasicOperations"/>
  <testcase name="testMultDouble" time="0.000" classname="talab.TestBasicOperations"/>
  <testcase name="testMultLong" time="0.000" classname="talab.TestBasicOperations"/>
  <testcase name="testAddDouble" time="0.000" classname="talab.TestBasicOperations"/>
  <testcase name="testAddDouble" time="0.000" classname="talab.TestBasicOperations"/>
  <testcase name="testMultDouble" time="0.000" classname="talab.TestBasicOperations"/>
  <testcase name="testAddLong" time="0.000" classname="talab.TestBasicOperations"/>
  <testcase name="testMultLong" time="0.000" classname="talab.TestBasicOperations"/>
  <testcase name="testDivDouble" time="0.000" classname="talab.TestBasicOperations"/>
  <testcase name="testDivDouble" time="0.000" classname="talab.TestBasicOperations"/>
  <testcase name="testMultDouble" time="0.016" classname="talab.TestBasicOperations"/>
  <testcase name="testAddDouble" time="0.000" classname="talab.TestBasicOperations"/>
  <testcase name="testDivLong" time="0.000" classname="talab.TestBasicOperations"/>
  <testcase name="testDivDouble" time="0.000" classname="talab.TestBasicOperations"/>
  <testcase name="testDivLong" time="0.000" classname="talab.TestBasicOperations"/>
  <testcase name="testSubDouble" time="0.000" classname="talab.TestBasicOperations"/>
</testsuite> <!-- talab.TestBasicOperations -->
